[2026-04-26T07:29:49.130Z] [info] %cDownload the React DevTools for a better development experience: https://react.dev/link/react-devtools font-weight:bold
[2026-04-26T07:29:49.266Z] [log] [HMR] connected
[2026-04-26T07:30:01.251Z] [info] %cDownload the React DevTools for a better development experience: https://react.dev/link/react-devtools font-weight:bold
[2026-04-26T07:30:01.522Z] [log] [HMR] connected
[2026-04-26T07:30:02.195Z] [info] %cDownload the React DevTools for a better development experience: https://react.dev/link/react-devtools font-weight:bold
[2026-04-26T07:30:02.392Z] [log] [HMR] connected
[2026-04-26T07:30:07.578Z] [info] %cDownload the React DevTools for a better development experience: https://react.dev/link/react-devtools font-weight:bold
[2026-04-26T07:30:07.777Z] [log] [HMR] connected
[2026-04-26T07:32:56.909Z] [debug] [vite] connecting...
[2026-04-26T07:32:56.944Z] [info] %cDownload the React DevTools for a better development experience: https://react.dev/link/react-devtools font-weight:bold
[2026-04-26T07:32:57.025Z] [debug] [vite] connected.
[2026-04-26T07:35:00.575Z] [debug] [vite] connecting...
[2026-04-26T07:35:00.584Z] [debug] [vite] connected.
[2026-04-26T07:35:00.622Z] [info] %cDownload the React DevTools for a better development experience: https://react.dev/link/react-devtools font-weight:bold
[2026-04-26T07:35:46.091Z] [debug] [vite] connecting...
[2026-04-26T07:35:46.093Z] [debug] [vite] connected.
[2026-04-26T07:35:46.156Z] [info] %cDownload the React DevTools for a better development experience: https://react.dev/link/react-devtools font-weight:bold
[2026-04-26T07:38:06.148Z] [debug] [vite] connecting...
[2026-04-26T07:38:06.157Z] [debug] [vite] connected.
[2026-04-26T07:38:06.179Z] [info] %cDownload the React DevTools for a better development experience: https://react.dev/link/react-devtools font-weight:bold
[2026-04-26T07:39:03.206Z] [debug] [vite] connecting...
[2026-04-26T07:39:03.208Z] [debug] [vite] connected.
[2026-04-26T07:39:03.215Z] [info] %cDownload the React DevTools for a better development experience: https://react.dev/link/react-devtools font-weight:bold
[2026-04-26T07:39:06.179Z] [log] User message: Bánh kem chocolate bao nhiêu tiền?
[2026-04-26T07:39:06.180Z] [log] Intent matched: banh kem sinh nhat co nhung loai gi confidence: 0.7
[2026-04-26T07:39:06.185Z] [log] [ANALYTICS] FAQ_ANSWERED: {intent: banh kem sinh nhat co nhung loai gi, confidence: 0.7}
[2026-04-26T08:02:44.422Z] [debug] [vite] hot updated: /src/App.jsx
